<?xml version="1.0" encoding="UTF-8"?>
<!-- Generated by org.testng.reporters.JUnitReportReporter -->
<testsuite hostname="CHINNA" failures="0" tests="4" name="apachepoi.UtilTest" time="36.395" errors="0" timestamp="2025-06-27T17:28:22 IST" skipped="0">
  <testcase classname="apachepoi.UtilTest" name="login" time="8.027">
    <system-out>
      <![CDATA[Login Success]]>
    </system-out>
  </testcase> <!-- login -->
  <testcase classname="apachepoi.UtilTest" name="login" time="9.745">
    <system-out>
      <![CDATA[Login Success]]>
    </system-out>
  </testcase> <!-- login -->
  <testcase classname="apachepoi.UtilTest" name="login" time="9.626">
    <system-out>
      <![CDATA[Login Failed]]>
    </system-out>
  </testcase> <!-- login -->
  <testcase classname="apachepoi.UtilTest" name="login" time="8.997">
    <system-out>
      <![CDATA[Login Failed]]>
    </system-out>
  </testcase> <!-- login -->
  <system-out>
    <![CDATA[Login Success
Login Success
Login Failed
Login Failed]]>
  </system-out>
</testsuite> <!-- apachepoi.UtilTest -->
