<?xml version="1.0" encoding="UTF-8"?>
<!-- Generated by org.testng.reporters.JUnitReportReporter -->
<testsuite hostname="CHINNA" failures="0" tests="1" name="testng.LoginUsingParameters" time="11.999" errors="0" timestamp="2025-03-22T18:41:15 IST" skipped="0">
  <testcase classname="testng.LoginUsingParameters" name="Login" time="11.999"/>
</testsuite> <!-- testng.LoginUsingParameters -->
