<?xml version="1.0" encoding="UTF-8"?>
<!-- Generated by org.testng.reporters.JUnitReportReporter -->
<testsuite hostname="CHINNA" failures="0" tests="1" name="testng.HRMLogin_using_Propertiesfile" time="9.157" errors="0" timestamp="2025-06-26T17:08:26 IST" skipped="0">
  <testcase classname="testng.HRMLogin_using_Propertiesfile" name="Login" time="9.157">
    <system-out>
      <![CDATA[Login Success]]>
    </system-out>
  </testcase> <!-- Login -->
  <system-out>
    <![CDATA[Login Success]]>
  </system-out>
</testsuite> <!-- testng.HRMLogin_using_Propertiesfile -->
