<?xml version="1.0" encoding="UTF-8"?>
<!-- Generated by org.testng.reporters.JUnitReportReporter -->
<testsuite hostname="CHINNA" failures="0" tests="1" name="testng.Screenshot" time="7.911" errors="0" timestamp="2025-07-02T12:40:04 IST" skipped="0">
  <testcase classname="testng.Screenshot" name="takeScreenshot" time="7.911"/>
</testsuite> <!-- testng.Screenshot -->
