<?xml version="1.0" encoding="UTF-8"?>
<!-- Generated by org.testng.reporters.JUnitReportReporter -->
<testsuite hostname="CHINNA" failures="0" tests="2" name="testng.TestNGAnnotationsHierarchy" time="0.007" errors="0" timestamp="2025-03-21T19:13:10 IST" skipped="0">
  <testcase classname="testng.TestNGAnnotationsHierarchy" name="testCase2" time="0.004"/>
  <testcase classname="testng.TestNGAnnotationsHierarchy" name="testCase1" time="0.003"/>
  <system-out>
    <![CDATA[Running M1 ]]>
  </system-out>
</testsuite> <!-- testng.TestNGAnnotationsHierarchy -->
