<?xml version="1.0" encoding="UTF-8"?>
<!-- Generated by org.testng.reporters.JUnitReportReporter -->
<testsuite hostname="CHINNA" failures="0" tests="6" name="testng.TestNGAnnotationAttributes" time="0.015" errors="0" timestamp="2025-03-21T19:13:10 IST" skipped="0">
  <testcase classname="testng.TestNGAnnotationAttributes" name="Techm" time="0.003"/>
  <testcase classname="testng.TestNGAnnotationAttributes" name="Infy" time="0.005"/>
  <testcase classname="testng.TestNGAnnotationAttributes" name="M2" time="0.001"/>
  <testcase classname="testng.TestNGAnnotationAttributes" name="M1" time="0.002">
    <system-out>
      <![CDATA[Running M1 ]]>
    </system-out>
  </testcase> <!-- M1 -->
  <testcase classname="testng.TestNGAnnotationAttributes" name="Wipro" time="0.002"/>
  <testcase classname="testng.TestNGAnnotationAttributes" name="M3" time="0.002"/>
  <system-out>
    <![CDATA[Running M1 ]]>
  </system-out>
</testsuite> <!-- testng.TestNGAnnotationAttributes -->
