<?xml version="1.0" encoding="UTF-8"?>
<!-- Generated by org.testng.reporters.JUnitReportReporter -->
<testsuite hostname="CHINNA" failures="0" tests="4" name="apachepoi.Practice" time="42.618" errors="0" timestamp="2025-08-29T14:27:15 IST" skipped="0">
  <testcase classname="apachepoi.Practice" name="loginhrm" time="9.103">
    <system-out>
      <![CDATA[Login Failed]]>
    </system-out>
  </testcase> <!-- loginhrm -->
  <testcase classname="apachepoi.Practice" name="loginhrm" time="9.078">
    <system-out>
      <![CDATA[Login Success]]>
    </system-out>
  </testcase> <!-- loginhrm -->
  <testcase classname="apachepoi.Practice" name="loginhrm" time="11.738">
    <system-out>
      <![CDATA[Login Failed]]>
    </system-out>
  </testcase> <!-- loginhrm -->
  <testcase classname="apachepoi.Practice" name="loginhrm" time="12.699">
    <system-out>
      <![CDATA[Login Success]]>
    </system-out>
  </testcase> <!-- loginhrm -->
  <system-out>
    <![CDATA[Login Success
Login Success
Login Failed
Login Failed]]>
  </system-out>
</testsuite> <!-- apachepoi.Practice -->
