<?xml version="1.0" encoding="UTF-8"?>
<!-- Generated by org.testng.reporters.JUnitReportReporter -->
<testsuite hostname="CHINNA" failures="0" tests="1" name="testng.verifySetup" time="0.003" errors="0" timestamp="2025-03-21T19:13:10 IST" skipped="0">
  <testcase classname="testng.verifySetup" name="verifysetup" time="0.003"/>
  <system-out>
    <![CDATA[Running M1 ]]>
  </system-out>
</testsuite> <!-- testng.verifySetup -->
